app/build/outputs/mapping/release/seeds.txt
com.fintrex.fintrexfinance.Navigation.Promotion
com.fintrex.fintrexfinance.Payments.Online: Online()
com.fintrex.fintrexfinance.Payments.Cdm
com.fintrex.fintrexfinance.QuickLinks.Branches
com.fintrex.fintrexfinance.QuickLinks.Contacts: Contacts()
com.fintrex.fintrexfinance.QuickLinks.TermsConditions
com.fintrex.fintrexfinance.QuickLinks.FdAndSavings: FdAndSavings()
com.fintrex.fintrexfinance.Details.LeasingScreen: LeasingScreen()
com.fintrex.fintrexfinance.Details.SavingScreen: SavingScreen()
com.fintrex.fintrexfinance.Fragment.OutboxFragment
com.fintrex.fintrexfinance.QuickLinks.TermsConditions: TermsConditions()
com.fintrex.fintrexfinance.HelperClass.BaseActivity: BaseActivity()
com.fintrex.fintrexfinance.QuickLinks.Branches: Branches()
com.fintrex.fintrexfinance.Fragment.InboxFragment: InboxFragment()
com.fintrex.fintrexfinance.MainActivity: MainActivity()
com.fintrex.fintrexfinance.Details.HomeScreen
com.fintrex.fintrexfinance.QuickLinks.NewFdCreate
com.fintrex.fintrexfinance.Details.NewMailSend: NewMailSend()
com.fintrex.fintrexfinance.MainActivity
com.fintrex.fintrexfinance.Details.MailScreen
com.fintrex.fintrexfinance.QuickLinks.FdAndSavings
com.fintrex.fintrexfinance.Otp: Otp()
com.fintrex.fintrexfinance.Details.SavingScreen
com.fintrex.fintrexfinance.Details.MailScreen: MailScreen()
com.fintrex.fintrexfinance.QuickLinks.NewSavingCreate
com.fintrex.fintrexfinance.Common.LoginScreen: LoginScreen()
com.fintrex.fintrexfinance.HelperClass.BaseActivity
com.fintrex.fintrexfinance.Payments.Online
com.fintrex.fintrexfinance.Navigation.Profile
com.fintrex.fintrexfinance.Fragment.InboxFragment
com.fintrex.fintrexfinance.Details.LoanScreen: LoanScreen()
com.fintrex.fintrexfinance.Details.NewMailSend
com.fintrex.fintrexfinance.Common.LoginScreen
com.fintrex.fintrexfinance.Details.LoanScreen
com.fintrex.fintrexfinance.DataBinderMapperImpl
com.fintrex.fintrexfinance.DataBinderMapperImpl: DataBinderMapperImpl()
com.fintrex.fintrexfinance.QuickLinks.Rates: Rates()
com.fintrex.fintrexfinance.Common.DashboardScreen
com.fintrex.fintrexfinance.Common.DashboardScreen: DashboardScreen()
com.fintrex.fintrexfinance.Navigation.Profile: Profile()
com.fintrex.fintrexfinance.Payments.Cargills: Cargills()
com.fintrex.fintrexfinance.QuickLinks.About
com.fintrex.fintrexfinance.Payments.Cdm: Cdm()
com.fintrex.fintrexfinance.Navigation.Promotion: Promotion()
com.fintrex.fintrexfinance.Details.HomeScreen: HomeScreen()
com.fintrex.fintrexfinance.Otp
com.fintrex.fintrexfinance.QuickLinks.Rates
com.fintrex.fintrexfinance.Payments.Cargills
com.fintrex.fintrexfinance.MyApp
com.fintrex.fintrexfinance.QuickLinks.ExternalRequest
com.fintrex.fintrexfinance.Fragment.OutboxFragment: OutboxFragment()
com.fintrex.fintrexfinance.QuickLinks.NewFdCreate: NewFdCreate()
com.fintrex.fintrexfinance.QuickLinks.About: About()
com.fintrex.fintrexfinance.Payments.Ezcash: Ezcash()
com.fintrex.fintrexfinance.QuickLinks.Contacts
com.fintrex.fintrexfinance.Details.FixedScreen: FixedScreen()
com.fintrex.fintrexfinance.Payments.Ezcash
com.fintrex.fintrexfinance.QuickLinks.NewSavingCreate: NewSavingCreate()
com.fintrex.fintrexfinance.Details.FixedScreen
com.fintrex.fintrexfinance.MyApp: MyApp()
com.fintrex.fintrexfinance.Details.LeasingScreen
com.fintrex.fintrexfinance.QuickLinks.ExternalRequest: ExternalRequest()
...
com.google.android.material.textfield.TextInputLayout: com.google.android.material.shape.MaterialShapeDrawable getBoxBackground()
com.davemorrissey.labs.subscaleview.SubsamplingScaleImageView: void access$2600(com.davemorrissey.labs.subscaleview.SubsamplingScaleImageView,android.graphics.PointF,android.graphics.PointF)
com.google.android.material.chip.Chip: void setTextEndPadding(float)
com.davemorrissey.labs.subscaleview.SubsamplingScaleImageView$ScaleAndTranslate: float access$4702(com.davemorrissey.labs.subscaleview.SubsamplingScaleImageView$ScaleAndTranslate,float)
com.google.android.material.tabs.TabLayout: android.graphics.drawable.Drawable getTabSelectedIndicator()
com.google.firebase.FirebaseCommonRegistrar: FirebaseCommonRegistrar()
androidx.appcompat.widget.AppCompatSpinner: int getDropDownWidth()
androidx.vectordrawable.graphics.drawable.VectorDrawableCompat$VFullPath: float getTrimPathEnd()
com.google.android.material.card.MaterialCardView: void setCardForegroundColor(android.content.res.ColorStateList)
com.davemorrissey.labs.subscaleview.SubsamplingScaleImageView: android.graphics.Paint tileBgPaint
de.hdodenhof.circleimageview.CircleImageView: void setBorderColor(int)
com.google.android.material.button.MaterialButtonToggleGroup: void setGeneratedIdIfNeeded(com.google.android.material.button.MaterialButton)
com.google.android.material.textfield.TextInputLayout
com.davemorrissey.labs.subscaleview.SubsamplingScaleImageView: int doubleTapZoomStyle
com.google.android.material.button.MaterialButton: int getIconGravity()
com.google.android.material.floatingactionbutton.ExtendedFloatingActionButton: void setExtended(boolean)
com.google.android.material.datepicker.MaterialCalendar$CalendarSelector: com.google.android.material.datepicker.MaterialCalendar$CalendarSelector valueOf(java.lang.String)
androidx.fragment.app.FragmentManagerState: android.os.Parcelable$Creator CREATOR
androidx.recyclerview.widget.RecyclerView$LayoutManager: RecyclerView$LayoutManager()
com.google.android.material.textfield.TextInputLayout: int getMinWidth()
com.davemorrissey.labs.subscaleview.SubsamplingScaleImageView: android.graphics.PointF sPendingCenter
androidx.appcompat.widget.ActionBarOverlayLayout: int getActionBarHideOffset()
com.google.android.material.internal.VisibilityAwareImageButton: void setVisibility(int)
com.google.android.gms.internal.measurement.zzcb: zzcb()
com.davemorrissey.labs.subscaleview.SubsamplingScaleImageView: void setMinimumScaleType(int)
com.davemorrissey.labs.subscaleview.decoder.SkiaPooledImageRegionDecoder: java.util.concurrent.locks.ReadWriteLock decoderLock
androidx.core.app.RemoteActionCompat: RemoteActionCompat()
com.chaos.view.PinView: void setItemBackground(android.graphics.drawable.Drawable)
com.google.firebase.auth.FirebaseAuth: com.google.firebase.auth.FirebaseAuth getInstance(com.google.firebase.FirebaseApp)
com.davemorrissey.labs.subscaleview.SubsamplingScaleImageView: void setBitmapDecoderClass(java.lang.Class)
com.google.android.material.internal.NavigationMenuItemView: void setActionView(android.view.View)
com.google.android.material.chip.Chip: void setSingleLine(boolean)
com.google.android.gms.internal.measurement.zzfy: long zzV
com.google.android.material.floatingactionbutton.FloatingActionButton: com.google.android.material.animation.MotionSpec getHideMotionSpec()
com.google.android.gms.internal.firebase-auth-api.zzlo: android.os.Parcelable$Creator CREATOR
androidx.lifecycle.ReflectiveGenericLifecycleObserver
com.google.android.gms.internal.measurement.zzfm
androidx.appcompat.widget.LinearLayoutCompat: void setBaselineAlignedChildIndex(int)
com.google.android.material.chip.ChipGroup: void setShowDividerHorizontal(int)
com.davemorrissey.labs.subscaleview.SubsamplingScaleImageView: float access$1000(com.davemorrissey.labs.subscaleview.SubsamplingScaleImageView)
com.google.android.material.theme.MaterialComponentsViewInflater: MaterialComponentsViewInflater()