app/build/outputs/mapping/release/usage.txt
com.fintrex.fintrexfinance.R$string
com.fintrex.fintrexfinance.HelperClass.ImageAttachmentAdapter:
    java.lang.String image
com.fintrex.fintrexfinance.R$attr
com.fintrex.fintrexfinance.DataBinderMapperImpl:
    public androidx.databinding.ViewDataBinding getDataBinder(androidx.databinding.DataBindingComponent,android.view.View,int)
    public androidx.databinding.ViewDataBinding getDataBinder(androidx.databinding.DataBindingComponent,android.view.View[],int)
    public int getLayoutId(java.lang.String)
    public java.lang.String convertBrIdToString(int)
com.fintrex.fintrexfinance.databinding.AttachmentBinding
com.fintrex.fintrexfinance.databinding.InboxListBinding
com.fintrex.fintrexfinance.R$integer
com.fintrex.fintrexfinance.R$menu
com.fintrex.fintrexfinance.databinding.ItemSliderBinding
com.fintrex.fintrexfinance.Details.HomeScreen:
    android.widget.TextView lc
    android.app.ProgressDialog progressDialog
    public static final java.lang.String Nic
    public static final java.lang.String P_name
    public static final java.lang.String P_address
    public static final java.lang.String P_mobile
    public static final java.lang.String Saving
    public static final java.lang.String Leasing
    public static final java.lang.String Fixed
    public static final java.lang.String Loan
    public static final java.lang.String Gold
com.fintrex.fintrexfinance.databinding.ActivityMailBinding
com.fintrex.fintrexfinance.databinding.ActivityNewFdCreateBinding
com.fintrex.fintrexfinance.R$bool
com.fintrex.fintrexfinance.Common.DashboardScreen:
    private com.google.android.material.bottomsheet.BottomSheetBehavior bottomSheetBehavior
com.fintrex.fintrexfinance.databinding.ActivityRatesBinding
com.fintrex.fintrexfinance.databinding.ActivityNewSavingCreateBinding
com.fintrex.fintrexfinance.R$xml
com.fintrex.fintrexfinance.databinding.ActivityDashboardScreenBinding
com.fintrex.fintrexfinance.DataBinderMapperImpl$InnerBrLookup
com.fintrex.fintrexfinance.HelperClass.Promotion:
    public void setPromotionUrl(java.lang.String)
com.fintrex.fintrexfinance.R$mipmap
com.fintrex.fintrexfinance.databinding.ActivityLeasingScreenBinding
com.fintrex.fintrexfinance.R$id
com.fintrex.fintrexfinance.R$style
com.fintrex.fintrexfinance.databinding.ActivityOnlineBinding
com.fintrex.fintrexfinance.QuickLinks.NewFdCreate:
    android.app.DatePickerDialog$OnDateSetListener setListener
    java.lang.String ReasonHolder
com.fintrex.fintrexfinance.R$plurals
com.fintrex.fintrexfinance.databinding.ActivityCdmBinding
com.fintrex.fintrexfinance.Details.MailScreen:
    private com.fintrex.fintrexfinance.databinding.ActivityMailScreenBinding binding
com.fintrex.fintrexfinance.R$styleable
com.fintrex.fintrexfinance.databinding.ActivityFdAndSavingsBinding
com.fintrex.fintrexfinance.databinding.LcListBinding
com.fintrex.fintrexfinance.BuildConfig
com.fintrex.fintrexfinance.databinding.ActivityLoginScreenBinding
com.fintrex.fintrexfinance.HelperClass.OutboxMail:
    public void setOutboxMessageType(java.lang.String)
    public void setOutboxMessage(java.lang.String)
    public void setOutboxMessageDate(java.lang.String)
com.fintrex.fintrexfinance.databinding.SpinnerColorbgBinding
com.fintrex.fintrexfinance.databinding.ListViewBinding
com.fintrex.fintrexfinance.databinding.ActivityMailScreenBinding
com.fintrex.fintrexfinance.databinding.ActivityOtpBinding
com.fintrex.fintrexfinance.DataBindingTriggerClass
com.fintrex.fintrexfinance.Common.LoginScreen:
    public static final java.lang.String Nic
    public static final java.lang.String Name
    public static final java.lang.String Phone
com.fintrex.fintrexfinance.databinding.ActivitySavingScreenBinding
com.fintrex.fintrexfinance.databinding.FragmentOutboxBinding
com.fintrex.fintrexfinance.databinding.SavingListBinding
com.fintrex.fintrexfinance.R$font
com.fintrex.fintrexfinance.R$dimen
com.fintrex.fintrexfinance.R$layout
...
kotlin.sequences.SequencesKt__SequencesKt
androidx.appcompat.view.ActionMode:
    public boolean isUiFocusable()
com.google.android.gms.auth.api.phone.SmsRetriever:
    public static com.google.android.gms.auth.api.phone.SmsRetrieverClient getClient(android.app.Activity)
    private void <init>()
    public static final java.lang.String SEND_PERMISSION
    public static final java.lang.String SMS_RETRIEVED_ACTION
    public static final java.lang.String EXTRA_SMS_MESSAGE
    public static final java.lang.String EXTRA_STATUS
    public static final java.lang.String EXTRA_CONSENT_INTENT
    public static final java.lang.String EXTRA_SIM_SUBSCRIPTION_ID
com.google.android.gms.internal.firebase-auth-api.zzqj
com.google.android.gms.maps.zzap
com.bumptech.glide.load.model.UrlUriLoader
com.google.android.gms.common.api.internal.zas
com.google.android.gms.location.Geofence$Builder
com.bumptech.glide.ListPreloader
com.google.android.gms.common.R
com.google.android.material.transition.platform.MaterialContainerTransformSharedElementCallback$1
com.google.firebase.installations.AutoValue_InstallationTokenResult
com.google.android.gms.maps.model.SquareCap
android.support.v4.media.session.MediaSessionCompat:
    public void <init>(android.content.Context,java.lang.String)
    public void <init>(android.content.Context,java.lang.String,android.content.ComponentName,android.app.PendingIntent)
    public void <init>(android.content.Context,java.lang.String,android.os.Bundle)
    private void <init>(android.content.Context,java.lang.String,android.content.ComponentName,android.app.PendingIntent,android.os.Bundle)
    private void <init>(android.content.Context,android.support.v4.media.session.MediaSessionCompat$MediaSessionImpl)
    public static android.support.v4.media.session.MediaSessionCompat fromMediaSession(android.content.Context,java.lang.Object)
    static android.support.v4.media.session.PlaybackStateCompat getStateWithUpdatedPosition(android.support.v4.media.session.PlaybackStateCompat,android.support.v4.media.MediaMetadataCompat)
    public void setCallback(android.support.v4.media.session.MediaSessionCompat$Callback)
    public void setCallback(android.support.v4.media.session.MediaSessionCompat$Callback,android.os.Handler)
    public void setSessionActivity(android.app.PendingIntent)
    public void setMediaButtonReceiver(android.app.PendingIntent)
    public void setFlags(int)
    public void setPlaybackToLocal(int)
    public void setPlaybackToRemote(androidx.media.VolumeProviderCompat)
    public void setActive(boolean)
    public boolean isActive()
androidx.constraintlayout.core.motion.utils.HyperSpline$Cubic
androidx.constraintlayout.motion.widget.KeyPositionBase:
    abstract void calcPosition(int,int,float,float,float,float)
    abstract float getPositionX()
    abstract float getPositionY()
    abstract void positionAttributes(android.view.View,android.graphics.RectF,android.graphics.RectF,float,float,java.lang.String[],float[])
    public abstract boolean intersects(int,int,android.graphics.RectF,android.graphics.RectF,float,float)
    protected static final float SELECTION_SLOPE
kotlin.sequences.IndexingSequence
com.google.android.gms.internal.firebase-auth-api.zzrm
com.google.android.gms.internal.maps.zze
com.google.android.gms.internal.safetynet.zzi
kotlin.collections.unsigned.UArraysKt___UArraysKt$withIndex$4
androidx.drawerlayout.R$styleable
com.google.android.material.appbar.MaterialToolbar:
    public void <init>(android.content.Context)
    public boolean isTitleCentered()
    public boolean isSubtitleCentered()
com.google.android.material.badge.ExperimentalBadgeUtils
androidx.appcompat.widget.AppCompatImageHelper:
    void setInternalImageTint(android.content.res.ColorStateList)
kotlin.coroutines.intrinsics.IntrinsicsKt__IntrinsicsJvmKt$createCoroutineFromSuspendFunction$1
com.google.android.gms.maps.model.CircleOptions
androidx.loader.app.LoaderManager$LoaderCallbacks